<?xml version="1.0" encoding="UTF-8"?>
<testsuite name="com.kodilla.testing.collection.OddNumbersExterminatorTestSuite" tests="2" skipped="0" failures="0" errors="0" timestamp="2018-09-28T17:04:26" hostname="Joanna" time="0.002">
  <properties/>
  <testcase name="testExterminateFullList" classname="com.kodilla.testing.collection.OddNumbersExterminatorTestSuite" time="0.002"/>
  <testcase name="testExterminateEmptyList" classname="com.kodilla.testing.collection.OddNumbersExterminatorTestSuite" time="0.0"/>
  <system-out><![CDATA[]]></system-out>
  <system-err><![CDATA[]]></system-err>
</testsuite>
