<?xml version="1.0" encoding="UTF-8"?>
<testsuite name="com.kodilla.patterns.strategy.social.UserTestSuite" tests="2" skipped="0" failures="0" errors="0" timestamp="2018-08-01T19:40:02" hostname="Joanna" time="0.004">
  <properties/>
  <testcase name="testDefaultSharingStrategies" classname="com.kodilla.patterns.strategy.social.UserTestSuite" time="0.003"/>
  <testcase name="testIndividualSharingStrategy" classname="com.kodilla.patterns.strategy.social.UserTestSuite" time="0.0"/>
  <system-out><![CDATA[Joanna should choose: Facebook
Edyta should choose: Snapchat
Tomek should choose: Twitter

Joanna should choose: Facebook
Changing strategy
Joanna now should choose: Snapchat
]]></system-out>
  <system-err><![CDATA[]]></system-err>
</testsuite>
