<?xml version="1.0" encoding="UTF-8"?>
<testsuite name="com.kodilla.patterns.singleton.LoggerTestSuite" tests="1" skipped="0" failures="0" errors="0" timestamp="2018-09-29T07:06:06" hostname="Joanna" time="0.002">
  <properties/>
  <testcase name="testGetLog" classname="com.kodilla.patterns.singleton.LoggerTestSuite" time="0.002"/>
  <system-out><![CDATA[Log: [JKozlowska]
Log: [EWozniak]
]]></system-out>
  <system-err><![CDATA[]]></system-err>
</testsuite>
